2025-06-15 19:49:33,102 [INFO] Activator:176 - 


2025-06-15 19:49:33,106 [INFO] Activator:177 - !SESSION log4j initialized
2025-06-15 19:49:40,074 [INFO] LogOutputStream:77 - [STDOUT_REDIRECT] 
2025-06-15 19:49:42,961 [INFO] ApplicationProperties:184 - Using Application install path: C:\ST\STM32CubeIDE_1.16.1\STM32CubeIDE\plugins\com.st.stm32cube.common.mx_6.12.1.202409122256
2025-06-15 19:49:42,986 [INFO] DbMcusXml:78 - Set database path to: C:\ST\STM32CubeIDE_1.16.1\STM32CubeIDE\plugins\com.st.stm32cube.common.mx_6.12.1.202409122256\\db\/mcu/
2025-06-15 19:49:42,986 [INFO] ApiDb:274 - Set plugin database path to: C:\ST\STM32CubeIDE_1.16.1\STM32CubeIDE\plugins\com.st.stm32cube.common.mx_6.12.1.202409122256\\db\/plugins/boardmanager/
2025-06-15 19:49:42,988 [WARN] ApiDb:259 - Overriding images path with different value:  => C:\ST\STM32CubeIDE_1.16.1\STM32CubeIDE\plugins\com.st.stm32cube.common.mx_6.12.1.202409122256\\db\/plugins/mcufinder/images/
2025-06-15 19:49:43,013 [INFO] ApiDb:250 - Set database path to: C:\Users\tranc\.stmcufinder\plugins\mcufinder//mcu/
2025-06-15 19:49:43,014 [INFO] DbMcusAds:125 - Set database path to: C:\Users\tranc\.stmcufinder\plugins\mcufinder//mcu/
2025-06-15 19:49:43,018 [INFO] CrossReferenceDbSqlite:203 - Set database path to: C:\Users\tranc\.stmcufinder\plugins\mcufinder//mcu/cs/
2025-06-15 19:49:43,151 [INFO] RulesReader:64 - Compatibility file has been processed (297 Rules)
2025-06-15 19:49:43,239 [INFO] DbMcusXml:78 - Set database path to: C:\ST\STM32CubeIDE_1.16.1\STM32CubeIDE\plugins\com.st.stm32cube.common.mx_6.12.1.202409122256\\db\/mcu/
2025-06-15 19:49:43,239 [INFO] ApiDb:274 - Set plugin database path to: C:\ST\STM32CubeIDE_1.16.1\STM32CubeIDE\plugins\com.st.stm32cube.common.mx_6.12.1.202409122256\\db\/plugins/boardmanager/
2025-06-15 19:49:43,239 [INFO] ApiDb:261 - Set plugin images path to: C:\ST\STM32CubeIDE_1.16.1\STM32CubeIDE\plugins\com.st.stm32cube.common.mx_6.12.1.202409122256\\db\/plugins/mcufinder/images/
2025-06-15 19:49:43,240 [WARN] DbFile:41 - Overriding database path with different value: C:\Users\tranc\.stmcufinder\plugins\mcufinder/ => C:\Users\tranc\.stmcufinder\plugins\mcufinder
2025-06-15 19:49:43,240 [INFO] ApiDb:250 - Set database path to: C:\Users\tranc\.stmcufinder\plugins\mcufinder//mcu/
2025-06-15 19:49:43,240 [WARN] DbFile:41 - Overriding database path with different value: C:\Users\tranc\.stmcufinder\plugins\mcufinder/ => C:\Users\tranc\.stmcufinder\plugins\mcufinder
2025-06-15 19:49:43,240 [INFO] DbMcusAds:125 - Set database path to: C:\Users\tranc\.stmcufinder\plugins\mcufinder//mcu/
2025-06-15 19:49:43,240 [WARN] DbFile:41 - Overriding database path with different value: C:\Users\tranc\.stmcufinder\plugins\mcufinder/ => C:\Users\tranc\.stmcufinder\plugins\mcufinder
2025-06-15 19:49:43,240 [WARN] DbFile:41 - Overriding database path with different value: C:\Users\tranc\.stmcufinder\plugins\mcufinder/ => C:\Users\tranc\.stmcufinder\plugins\mcufinder
2025-06-15 19:49:43,240 [INFO] CrossReferenceDbSqlite:203 - Set database path to: C:\Users\tranc\.stmcufinder\plugins\mcufinder//mcu/cs/
2025-06-15 19:49:43,324 [INFO] MainPanel:268 - HeapMemory: 268435456
2025-06-15 19:49:43,458 [INFO] DbMcusXml:78 - Set database path to: C:\ST\STM32CubeIDE_1.16.1\STM32CubeIDE\plugins\com.st.stm32cube.common.mx_6.12.1.202409122256\\db\/mcu/
2025-06-15 19:49:43,458 [INFO] ApiDb:274 - Set plugin database path to: C:\ST\STM32CubeIDE_1.16.1\STM32CubeIDE\plugins\com.st.stm32cube.common.mx_6.12.1.202409122256\\db\/plugins/boardmanager/
2025-06-15 19:49:43,458 [INFO] ApiDb:261 - Set plugin images path to: C:\ST\STM32CubeIDE_1.16.1\STM32CubeIDE\plugins\com.st.stm32cube.common.mx_6.12.1.202409122256\\db\/plugins/mcufinder/images/
2025-06-15 19:49:43,458 [WARN] DbFile:41 - Overriding database path with different value: C:\Users\tranc\.stmcufinder\plugins\mcufinder/ => C:\Users\tranc\.stmcufinder\plugins\mcufinder
2025-06-15 19:49:43,459 [INFO] ApiDb:250 - Set database path to: C:\Users\tranc\.stmcufinder\plugins\mcufinder//mcu/
2025-06-15 19:49:43,459 [WARN] DbFile:41 - Overriding database path with different value: C:\Users\tranc\.stmcufinder\plugins\mcufinder/ => C:\Users\tranc\.stmcufinder\plugins\mcufinder
2025-06-15 19:49:43,459 [INFO] DbMcusAds:125 - Set database path to: C:\Users\tranc\.stmcufinder\plugins\mcufinder//mcu/
2025-06-15 19:49:43,459 [WARN] DbFile:41 - Overriding database path with different value: C:\Users\tranc\.stmcufinder\plugins\mcufinder/ => C:\Users\tranc\.stmcufinder\plugins\mcufinder
2025-06-15 19:49:43,459 [WARN] DbFile:41 - Overriding database path with different value: C:\Users\tranc\.stmcufinder\plugins\mcufinder/ => C:\Users\tranc\.stmcufinder\plugins\mcufinder
2025-06-15 19:49:43,459 [INFO] CrossReferenceDbSqlite:203 - Set database path to: C:\Users\tranc\.stmcufinder\plugins\mcufinder//mcu/cs/
2025-06-15 19:49:43,486 [INFO] ApplicationProperties:184 - Using Application install path: C:\ST\STM32CubeIDE_1.16.1\STM32CubeIDE\plugins\com.st.stm32cube.common.mx_6.12.1.202409122256
2025-06-15 19:49:43,488 [INFO] PluginManage:196 - Search for loadable plugins [exclusion list=, ]
2025-06-15 19:49:43,492 [INFO] PluginManage:310 - Check plugin analytics
2025-06-15 19:49:43,688 [INFO] AnalyticsPlugin:253 - Accepted Software Licenses: STM32CubeMX.6.12.1
2025-06-15 19:49:43,688 [INFO] AnalyticsPlugin:255 - Accepted CMSIS Pack Licenses: 
2025-06-15 19:49:43,688 [INFO] AnalyticsPlugin:257 - Accepted Firmware Licenses: FW.WL.1.3.0,FW.G4.1.6.0,FW.F4.1.28.0
2025-06-15 19:49:43,690 [INFO] PluginManage:359 - Loaded plugin analytics (category:tool,tabindex:-1)
2025-06-15 19:49:43,690 [INFO] PluginManage:310 - Check plugin cadmodel
2025-06-15 19:49:43,712 [INFO] CADModel:105 - Init CAD model plugin
2025-06-15 19:49:43,713 [INFO] PluginManage:359 - Loaded plugin cadmodel (category:power,tabindex:5)
2025-06-15 19:49:43,713 [INFO] PluginManage:310 - Check plugin clock
2025-06-15 19:49:43,741 [INFO] PluginManage:359 - Loaded plugin clock (category:base,tabindex:2)
2025-06-15 19:49:43,741 [INFO] PluginManage:310 - Check plugin ddr
2025-06-15 19:49:43,744 [INFO] PluginManage:359 - Loaded plugin ddr (category:tool,tabindex:6)
2025-06-15 19:49:43,744 [INFO] PluginManage:310 - Check plugin filemanager
2025-06-15 19:49:43,976 [INFO] PluginManage:359 - Loaded plugin filemanager (category:base,tabindex:10)
2025-06-15 19:49:43,978 [INFO] PluginManage:310 - Check plugin ipmanager
2025-06-15 19:49:43,988 [INFO] PluginManage:359 - Loaded plugin ipmanager (category:base,tabindex:5)
2025-06-15 19:49:43,988 [INFO] PluginManage:310 - Check plugin lpbam
2025-06-15 19:49:44,016 [INFO] PluginManage:359 - Loaded plugin lpbam (category:base,tabindex:0)
2025-06-15 19:49:44,017 [INFO] PluginManage:310 - Check plugin memorymap
2025-06-15 19:49:44,048 [INFO] PluginManage:359 - Loaded plugin memorymap (category:base,tabindex:4)
2025-06-15 19:49:44,049 [INFO] PluginManage:310 - Check plugin pinoutandconfiguration
2025-06-15 19:49:44,072 [INFO] PluginManage:359 - Loaded plugin pinoutandconfiguration (category:base,tabindex:1)
2025-06-15 19:49:44,072 [INFO] PluginManage:310 - Check plugin pinoutconfig
2025-06-15 19:49:44,179 [WARN] SupportedApi:132 - Cannot load RTOS API schema: s4s-elt-must-match.1: The content of 'definitions' must match (annotation?, (simpleType | complexType)?, (unique | key | keyref)*)). A problem was found starting at: attribute.
2025-06-15 19:49:44,347 [INFO] PluginManage:359 - Loaded plugin pinoutconfig (category:base,tabindex:0)
2025-06-15 19:49:44,347 [INFO] PluginManage:310 - Check plugin power
2025-06-15 19:49:44,378 [INFO] PluginManage:359 - Loaded plugin power (category:power,tabindex:4)
2025-06-15 19:49:44,379 [INFO] PluginManage:310 - Check plugin projectmanager
2025-06-15 19:49:44,396 [INFO] PluginManage:359 - Loaded plugin projectmanager (category:projectmanager,tabindex:4)
2025-06-15 19:49:44,396 [INFO] PluginManage:310 - Check plugin rif
2025-06-15 19:49:44,421 [INFO] PluginManage:359 - Loaded plugin rif (category:base,tabindex:3)
2025-06-15 19:49:44,421 [INFO] PluginManage:310 - Check plugin thirdparty
2025-06-15 19:49:44,775 [WARN] IntegrityCheckThread:84 - waiting for thirdparty lock release [integrity check]
2025-06-15 19:49:44,776 [INFO] PluginManage:359 - Loaded plugin thirdparty (category:base,tabindex:-1)
2025-06-15 19:49:44,776 [INFO] PluginManage:310 - Check plugin tools
2025-06-15 19:49:44,776 [INFO] IntegrityCheckThread:86 - entering critical section [integrity check]
2025-06-15 19:49:44,780 [INFO] ThirdPartyUpdaterWithRetryManager:70 - Updater plugin not ready yet. [1/15]
2025-06-15 19:49:44,858 [INFO] PluginManage:359 - Loaded plugin tools (category:base,tabindex:7)
2025-06-15 19:49:44,858 [INFO] PluginManage:310 - Check plugin tutovideos
2025-06-15 19:49:45,253 [INFO] PluginManage:359 - Loaded plugin tutovideos (category:base,tabindex:-1)
2025-06-15 19:49:45,254 [INFO] PluginManage:310 - Check plugin updater
2025-06-15 19:49:45,283 [INFO] PluginManage:359 - Loaded plugin updater (category:base,tabindex:12)
2025-06-15 19:49:45,283 [INFO] PluginManage:310 - Check plugin userauth
2025-06-15 19:49:45,295 [INFO] UserAuth:113 - Init User Auth plugin
2025-06-15 19:49:45,295 [INFO] PluginManage:359 - Loaded plugin userauth (category:base,tabindex:14)
2025-06-15 19:49:45,298 [INFO] PluginManage:283 - PluginManage : Loaded plugins [18]
2025-06-15 19:49:45,602 [INFO] PinOutPanel:1561 - setPackage(No Configuration,No Configuration)
2025-06-15 19:49:45,713 [INFO] CADModel:165 - CPN selected for project level
2025-06-15 19:49:45,713 [INFO] CADModel:114 - Register for checkConnection events
