2025-05-12 13:24:43,741 [INFO] Activator:176 - 


2025-05-12 13:24:43,742 [INFO] Activator:177 - !SESSION log4j initialized
2025-05-12 13:24:47,188 [INFO] LogOutputStream:77 - [STDOUT_REDIRECT] 
2025-05-12 13:24:48,765 [INFO] ApplicationProperties:184 - Using Application install path: C:\ST\STM32CubeIDE_1.16.1\STM32CubeIDE\plugins\com.st.stm32cube.common.mx_6.12.1.202409122256
2025-05-12 13:24:48,780 [INFO] DbMcusXml:78 - Set database path to: C:\ST\STM32CubeIDE_1.16.1\STM32CubeIDE\plugins\com.st.stm32cube.common.mx_6.12.1.202409122256\\db\/mcu/
2025-05-12 13:24:48,780 [INFO] ApiDb:274 - Set plugin database path to: C:\ST\STM32CubeIDE_1.16.1\STM32CubeIDE\plugins\com.st.stm32cube.common.mx_6.12.1.202409122256\\db\/plugins/boardmanager/
2025-05-12 13:24:48,782 [WARN] ApiDb:259 - Overriding images path with different value:  => C:\ST\STM32CubeIDE_1.16.1\STM32CubeIDE\plugins\com.st.stm32cube.common.mx_6.12.1.202409122256\\db\/plugins/mcufinder/images/
2025-05-12 13:24:48,787 [INFO] ApiDb:250 - Set database path to: C:\Users\tranc\.stmcufinder\plugins\mcufinder//mcu/
2025-05-12 13:24:48,788 [INFO] DbMcusAds:125 - Set database path to: C:\Users\tranc\.stmcufinder\plugins\mcufinder//mcu/
2025-05-12 13:24:48,790 [INFO] CrossReferenceDbSqlite:203 - Set database path to: C:\Users\tranc\.stmcufinder\plugins\mcufinder//mcu/cs/
2025-05-12 13:24:48,884 [INFO] RulesReader:64 - Compatibility file has been processed (297 Rules)
2025-05-12 13:24:48,956 [INFO] DbMcusXml:78 - Set database path to: C:\ST\STM32CubeIDE_1.16.1\STM32CubeIDE\plugins\com.st.stm32cube.common.mx_6.12.1.202409122256\\db\/mcu/
2025-05-12 13:24:48,956 [INFO] ApiDb:274 - Set plugin database path to: C:\ST\STM32CubeIDE_1.16.1\STM32CubeIDE\plugins\com.st.stm32cube.common.mx_6.12.1.202409122256\\db\/plugins/boardmanager/
2025-05-12 13:24:48,956 [INFO] ApiDb:261 - Set plugin images path to: C:\ST\STM32CubeIDE_1.16.1\STM32CubeIDE\plugins\com.st.stm32cube.common.mx_6.12.1.202409122256\\db\/plugins/mcufinder/images/
2025-05-12 13:24:48,956 [WARN] DbFile:41 - Overriding database path with different value: C:\Users\tranc\.stmcufinder\plugins\mcufinder/ => C:\Users\tranc\.stmcufinder\plugins\mcufinder
2025-05-12 13:24:48,956 [INFO] ApiDb:250 - Set database path to: C:\Users\tranc\.stmcufinder\plugins\mcufinder//mcu/
2025-05-12 13:24:48,956 [WARN] DbFile:41 - Overriding database path with different value: C:\Users\tranc\.stmcufinder\plugins\mcufinder/ => C:\Users\tranc\.stmcufinder\plugins\mcufinder
2025-05-12 13:24:48,956 [INFO] DbMcusAds:125 - Set database path to: C:\Users\tranc\.stmcufinder\plugins\mcufinder//mcu/
2025-05-12 13:24:48,956 [WARN] DbFile:41 - Overriding database path with different value: C:\Users\tranc\.stmcufinder\plugins\mcufinder/ => C:\Users\tranc\.stmcufinder\plugins\mcufinder
2025-05-12 13:24:48,956 [WARN] DbFile:41 - Overriding database path with different value: C:\Users\tranc\.stmcufinder\plugins\mcufinder/ => C:\Users\tranc\.stmcufinder\plugins\mcufinder
2025-05-12 13:24:48,958 [INFO] CrossReferenceDbSqlite:203 - Set database path to: C:\Users\tranc\.stmcufinder\plugins\mcufinder//mcu/cs/
2025-05-12 13:24:49,037 [INFO] MainPanel:268 - HeapMemory: 268435456
2025-05-12 13:24:49,129 [INFO] DbMcusXml:78 - Set database path to: C:\ST\STM32CubeIDE_1.16.1\STM32CubeIDE\plugins\com.st.stm32cube.common.mx_6.12.1.202409122256\\db\/mcu/
2025-05-12 13:24:49,130 [INFO] ApiDb:274 - Set plugin database path to: C:\ST\STM32CubeIDE_1.16.1\STM32CubeIDE\plugins\com.st.stm32cube.common.mx_6.12.1.202409122256\\db\/plugins/boardmanager/
2025-05-12 13:24:49,130 [INFO] ApiDb:261 - Set plugin images path to: C:\ST\STM32CubeIDE_1.16.1\STM32CubeIDE\plugins\com.st.stm32cube.common.mx_6.12.1.202409122256\\db\/plugins/mcufinder/images/
2025-05-12 13:24:49,130 [WARN] DbFile:41 - Overriding database path with different value: C:\Users\tranc\.stmcufinder\plugins\mcufinder/ => C:\Users\tranc\.stmcufinder\plugins\mcufinder
2025-05-12 13:24:49,130 [INFO] ApiDb:250 - Set database path to: C:\Users\tranc\.stmcufinder\plugins\mcufinder//mcu/
2025-05-12 13:24:49,130 [WARN] DbFile:41 - Overriding database path with different value: C:\Users\tranc\.stmcufinder\plugins\mcufinder/ => C:\Users\tranc\.stmcufinder\plugins\mcufinder
2025-05-12 13:24:49,130 [INFO] DbMcusAds:125 - Set database path to: C:\Users\tranc\.stmcufinder\plugins\mcufinder//mcu/
2025-05-12 13:24:49,130 [WARN] DbFile:41 - Overriding database path with different value: C:\Users\tranc\.stmcufinder\plugins\mcufinder/ => C:\Users\tranc\.stmcufinder\plugins\mcufinder
2025-05-12 13:24:49,130 [WARN] DbFile:41 - Overriding database path with different value: C:\Users\tranc\.stmcufinder\plugins\mcufinder/ => C:\Users\tranc\.stmcufinder\plugins\mcufinder
2025-05-12 13:24:49,130 [INFO] CrossReferenceDbSqlite:203 - Set database path to: C:\Users\tranc\.stmcufinder\plugins\mcufinder//mcu/cs/
2025-05-12 13:24:49,145 [INFO] ApplicationProperties:184 - Using Application install path: C:\ST\STM32CubeIDE_1.16.1\STM32CubeIDE\plugins\com.st.stm32cube.common.mx_6.12.1.202409122256
2025-05-12 13:24:49,146 [INFO] PluginManage:196 - Search for loadable plugins [exclusion list=, ]
2025-05-12 13:24:49,148 [INFO] PluginManage:310 - Check plugin analytics
2025-05-12 13:24:49,267 [INFO] AnalyticsPlugin:253 - Accepted Software Licenses: STM32CubeMX.6.12.1
2025-05-12 13:24:49,267 [INFO] AnalyticsPlugin:255 - Accepted CMSIS Pack Licenses: 
2025-05-12 13:24:49,267 [INFO] AnalyticsPlugin:257 - Accepted Firmware Licenses: FW.WL.1.3.0
2025-05-12 13:24:49,270 [INFO] PluginManage:359 - Loaded plugin analytics (category:tool,tabindex:-1)
2025-05-12 13:24:49,270 [INFO] PluginManage:310 - Check plugin cadmodel
2025-05-12 13:24:49,273 [INFO] CADModel:105 - Init CAD model plugin
2025-05-12 13:24:49,273 [INFO] PluginManage:359 - Loaded plugin cadmodel (category:power,tabindex:5)
2025-05-12 13:24:49,273 [INFO] PluginManage:310 - Check plugin clock
2025-05-12 13:24:49,278 [INFO] PluginManage:359 - Loaded plugin clock (category:base,tabindex:2)
2025-05-12 13:24:49,278 [INFO] PluginManage:310 - Check plugin ddr
2025-05-12 13:24:49,280 [INFO] PluginManage:359 - Loaded plugin ddr (category:tool,tabindex:6)
2025-05-12 13:24:49,280 [INFO] PluginManage:310 - Check plugin filemanager
2025-05-12 13:24:49,405 [INFO] PluginManage:359 - Loaded plugin filemanager (category:base,tabindex:10)
2025-05-12 13:24:49,405 [INFO] PluginManage:310 - Check plugin ipmanager
2025-05-12 13:24:49,413 [INFO] PluginManage:359 - Loaded plugin ipmanager (category:base,tabindex:5)
2025-05-12 13:24:49,413 [INFO] PluginManage:310 - Check plugin lpbam
2025-05-12 13:24:49,426 [INFO] PluginManage:359 - Loaded plugin lpbam (category:base,tabindex:0)
2025-05-12 13:24:49,426 [INFO] PluginManage:310 - Check plugin memorymap
2025-05-12 13:24:49,439 [INFO] PluginManage:359 - Loaded plugin memorymap (category:base,tabindex:4)
2025-05-12 13:24:49,440 [INFO] PluginManage:310 - Check plugin pinoutandconfiguration
2025-05-12 13:24:49,445 [INFO] PluginManage:359 - Loaded plugin pinoutandconfiguration (category:base,tabindex:1)
2025-05-12 13:24:49,445 [INFO] PluginManage:310 - Check plugin pinoutconfig
2025-05-12 13:24:49,512 [WARN] SupportedApi:132 - Cannot load RTOS API schema: s4s-elt-must-match.1: The content of 'definitions' must match (annotation?, (simpleType | complexType)?, (unique | key | keyref)*)). A problem was found starting at: attribute.
2025-05-12 13:24:49,636 [INFO] PluginManage:359 - Loaded plugin pinoutconfig (category:base,tabindex:0)
2025-05-12 13:24:49,636 [INFO] PluginManage:310 - Check plugin power
2025-05-12 13:24:49,644 [INFO] PluginManage:359 - Loaded plugin power (category:power,tabindex:4)
2025-05-12 13:24:49,645 [INFO] PluginManage:310 - Check plugin projectmanager
2025-05-12 13:24:49,656 [INFO] PluginManage:359 - Loaded plugin projectmanager (category:projectmanager,tabindex:4)
2025-05-12 13:24:49,657 [INFO] PluginManage:310 - Check plugin rif
2025-05-12 13:24:49,663 [INFO] PluginManage:359 - Loaded plugin rif (category:base,tabindex:3)
2025-05-12 13:24:49,663 [INFO] PluginManage:310 - Check plugin thirdparty
2025-05-12 13:24:49,765 [INFO] PluginManage:359 - Loaded plugin thirdparty (category:base,tabindex:-1)
2025-05-12 13:24:49,766 [INFO] PluginManage:310 - Check plugin tools
2025-05-12 13:24:49,766 [WARN] IntegrityCheckThread:84 - waiting for thirdparty lock release [integrity check]
2025-05-12 13:24:49,766 [INFO] IntegrityCheckThread:86 - entering critical section [integrity check]
2025-05-12 13:24:49,766 [INFO] ThirdPartyUpdaterWithRetryManager:70 - Updater plugin not ready yet. [1/15]
2025-05-12 13:24:49,768 [INFO] PluginManage:359 - Loaded plugin tools (category:base,tabindex:7)
2025-05-12 13:24:49,768 [INFO] PluginManage:310 - Check plugin tutovideos
2025-05-12 13:24:49,919 [INFO] PluginManage:359 - Loaded plugin tutovideos (category:base,tabindex:-1)
2025-05-12 13:24:49,919 [INFO] PluginManage:310 - Check plugin updater
2025-05-12 13:24:49,934 [INFO] PluginManage:359 - Loaded plugin updater (category:base,tabindex:12)
2025-05-12 13:24:49,934 [INFO] PluginManage:310 - Check plugin userauth
2025-05-12 13:24:49,938 [INFO] UserAuth:113 - Init User Auth plugin
2025-05-12 13:24:49,938 [INFO] PluginManage:359 - Loaded plugin userauth (category:base,tabindex:14)
2025-05-12 13:24:49,939 [INFO] PluginManage:283 - PluginManage : Loaded plugins [18]
2025-05-12 13:24:50,102 [INFO] PinOutPanel:1561 - setPackage(No Configuration,No Configuration)
2025-05-12 13:24:50,176 [INFO] CADModel:165 - CPN selected for project level
2025-05-12 13:24:50,176 [INFO] CADModel:114 - Register for checkConnection events
2025-05-12 13:24:50,187 [INFO] IPUIPlugin:80 - create IPUIPlugin
2025-05-12 13:24:50,187 [INFO] PluginManager:220 - loadIPPluginJar : add adc
2025-05-12 13:24:50,189 [INFO] IPUIPlugin:80 - create IPUIPlugin
2025-05-12 13:24:50,189 [INFO] PluginManager:220 - loadIPPluginJar : add aes
2025-05-12 13:24:50,190 [INFO] IPUIPlugin:80 - create IPUIPlugin
2025-05-12 13:24:50,191 [INFO] PluginManager:220 - loadIPPluginJar : add can
2025-05-12 13:24:50,192 [INFO] IPUIPlugin:80 - create IPUIPlugin
2025-05-12 13:24:50,192 [INFO] PluginManager:220 - loadIPPluginJar : add comp
2025-05-12 13:24:50,193 [INFO] IPUIPlugin:80 - create IPUIPlugin
2025-05-12 13:24:50,193 [INFO] PluginManager:220 - loadIPPluginJar : add cryp
2025-05-12 13:24:50,196 [INFO] IPUIPlugin:80 - create IPUIPlugin
2025-05-12 13:24:50,196 [INFO] PluginManager:220 - loadIPPluginJar : add ddr_ctrl_phy
2025-05-12 13:24:50,197 [INFO] IPUIPlugin:80 - create IPUIPlugin
2025-05-12 13:24:50,197 [INFO] PluginManager:220 - loadIPPluginJar : add dfsdm
2025-05-12 13:24:50,201 [INFO] IPUIPlugin:80 - create IPUIPlugin
2025-05-12 13:24:50,201 [INFO] PluginManager:220 - loadIPPluginJar : add dma
2025-05-12 13:24:50,203 [INFO] IPUIPlugin:80 - create IPUIPlugin
2025-05-12 13:24:50,203 [INFO] PluginManager:220 - loadIPPluginJar : add dma3
2025-05-12 13:24:50,205 [INFO] IPUIPlugin:80 - create IPUIPlugin
2025-05-12 13:24:50,205 [INFO] PluginManager:220 - loadIPPluginJar : add extmemmanager
2025-05-12 13:24:50,206 [INFO] IPUIPlugin:80 - create IPUIPlugin
2025-05-12 13:24:50,206 [INFO] PluginManager:220 - loadIPPluginJar : add fatfs
2025-05-12 13:24:50,210 [INFO] IPUIPlugin:80 - create IPUIPlugin
2025-05-12 13:24:50,210 [INFO] PluginManager:220 - loadIPPluginJar : add fmc
2025-05-12 13:24:50,217 [INFO] IPUIPlugin:80 - create IPUIPlugin
2025-05-12 13:24:50,217 [INFO] PluginManager:220 - loadIPPluginJar : add freertos
2025-05-12 13:24:50,218 [INFO] IPUIPlugin:80 - create IPUIPlugin
2025-05-12 13:24:50,218 [INFO] PluginManager:220 - loadIPPluginJar : add genericplugin
2025-05-12 13:24:50,220 [INFO] IPUIPlugin:80 - create IPUIPlugin
2025-05-12 13:24:50,220 [INFO] PluginManager:220 - loadIPPluginJar : add gfxmmu
2025-05-12 13:24:50,223 [INFO] IPUIPlugin:80 - create IPUIPlugin
2025-05-12 13:24:50,224 [INFO] PluginManager:220 - loadIPPluginJar : add gic
2025-05-12 13:24:50,227 [INFO] IPUIPlugin:80 - create IPUIPlugin
2025-05-12 13:24:50,227 [INFO] PluginManager:220 - loadIPPluginJar : add gpio
2025-05-12 13:24:50,228 [INFO] IPUIPlugin:80 - create IPUIPlugin
2025-05-12 13:24:50,228 [INFO] PluginManager:220 - loadIPPluginJar : add gtzc
2025-05-12 13:24:50,230 [INFO] IPUIPlugin:80 - create IPUIPlugin
2025-05-12 13:24:50,230 [INFO] PluginManager:220 - loadIPPluginJar : add hash
2025-05-12 13:24:50,232 [INFO] IPUIPlugin:80 - create IPUIPlugin
2025-05-12 13:24:50,232 [INFO] PluginManager:220 - loadIPPluginJar : add i2c
2025-05-12 13:24:50,234 [INFO] IPUIPlugin:80 - create IPUIPlugin
2025-05-12 13:24:50,234 [INFO] PluginManager:220 - loadIPPluginJar : add i2s
2025-05-12 13:24:50,236 [INFO] IPUIPlugin:80 - create IPUIPlugin
2025-05-12 13:24:50,236 [INFO] PluginManager:220 - loadIPPluginJar : add i3c
2025-05-12 13:24:50,239 [INFO] IPUIPlugin:80 - create IPUIPlugin
2025-05-12 13:24:50,239 [INFO] PluginManager:220 - loadIPPluginJar : add ipddr
2025-05-12 13:24:50,246 [INFO] IPUIPlugin:80 - create IPUIPlugin
2025-05-12 13:24:50,246 [INFO] PluginManager:220 - loadIPPluginJar : add linkedlist
2025-05-12 13:24:50,248 [INFO] IPUIPlugin:80 - create IPUIPlugin
2025-05-12 13:24:50,248 [INFO] PluginManager:220 - loadIPPluginJar : add lorawan
2025-05-12 13:24:50,249 [INFO] IPUIPlugin:80 - create IPUIPlugin
2025-05-12 13:24:50,249 [INFO] PluginManager:220 - loadIPPluginJar : add ltdc
2025-05-12 13:24:50,253 [INFO] IPUIPlugin:80 - create IPUIPlugin
2025-05-12 13:24:50,253 [INFO] PluginManager:220 - loadIPPluginJar : add mdma
2025-05-12 13:24:50,255 [INFO] IPUIPlugin:80 - create IPUIPlugin
2025-05-12 13:24:50,255 [INFO] PluginManager:220 - loadIPPluginJar : add nvic
2025-05-12 13:24:50,257 [INFO] IPUIPlugin:80 - create IPUIPlugin
2025-05-12 13:24:50,257 [INFO] PluginManager:220 - loadIPPluginJar : add opamp
2025-05-12 13:24:50,259 [INFO] IPUIPlugin:80 - create IPUIPlugin
2025-05-12 13:24:50,259 [INFO] PluginManager:220 - loadIPPluginJar : add openamp
2025-05-12 13:24:50,261 [INFO] IPUIPlugin:80 - create IPUIPlugin
2025-05-12 13:24:50,261 [INFO] PluginManager:220 - loadIPPluginJar : add pdm2pcm
2025-05-12 13:24:50,265 [INFO] IPUIPlugin:80 - create IPUIPlugin
2025-05-12 13:24:50,266 [INFO] PluginManager:220 - loadIPPluginJar : add plateformsettings
2025-05-12 13:24:50,267 [INFO] IPUIPlugin:80 - create IPUIPlugin
2025-05-12 13:24:50,268 [INFO] PluginManager:220 - loadIPPluginJar : add quadspi
2025-05-12 13:24:50,269 [INFO] IPUIPlugin:80 - create IPUIPlugin
2025-05-12 13:24:50,269 [INFO] PluginManager:220 - loadIPPluginJar : add radio
2025-05-12 13:24:50,272 [INFO] IPUIPlugin:80 - create IPUIPlugin
2025-05-12 13:24:50,272 [INFO] PluginManager:220 - loadIPPluginJar : add resmgrutility
2025-05-12 13:24:50,273 [INFO] IPUIPlugin:80 - create IPUIPlugin
2025-05-12 13:24:50,273 [INFO] PluginManager:220 - loadIPPluginJar : add sai
2025-05-12 13:24:50,275 [INFO] IPUIPlugin:80 - create IPUIPlugin
2025-05-12 13:24:50,275 [INFO] PluginManager:220 - loadIPPluginJar : add spi
2025-05-12 13:24:50,277 [INFO] IPUIPlugin:80 - create IPUIPlugin
2025-05-12 13:24:50,278 [INFO] PluginManager:220 - loadIPPluginJar : add stm32_wpan
2025-05-12 13:24:50,278 [INFO] IPUIPlugin:80 - create IPUIPlugin
2025-05-12 13:24:50,278 [INFO] PluginManager:220 - loadIPPluginJar : add tim
2025-05-12 13:24:50,281 [INFO] IPUIPlugin:80 - create IPUIPlugin
2025-05-12 13:24:50,281 [INFO] PluginManager:220 - loadIPPluginJar : add touchsensing
2025-05-12 13:24:50,282 [INFO] IPUIPlugin:80 - create IPUIPlugin
2025-05-12 13:24:50,282 [INFO] PluginManager:220 - loadIPPluginJar : add tracer_emb
2025-05-12 13:24:50,284 [INFO] IPUIPlugin:80 - create IPUIPlugin
2025-05-12 13:24:50,284 [INFO] PluginManager:220 - loadIPPluginJar : add ts
2025-05-12 13:24:50,285 [INFO] IPUIPlugin:80 - create IPUIPlugin
2025-05-12 13:24:50,285 [INFO] PluginManager:220 - loadIPPluginJar : add tsc
2025-05-12 13:24:50,286 [INFO] IPUIPlugin:80 - create IPUIPlugin
2025-05-12 13:24:50,286 [INFO] PluginManager:220 - loadIPPluginJar : add ucpd
2025-05-12 13:24:50,287 [INFO] IPUIPlugin:80 - create IPUIPlugin
2025-05-12 13:24:50,287 [INFO] PluginManager:220 - loadIPPluginJar : add usart
2025-05-12 13:24:50,288 [INFO] IPUIPlugin:80 - create IPUIPlugin
2025-05-12 13:24:50,288 [INFO] PluginManager:220 - loadIPPluginJar : add usbx
2025-05-12 13:24:50,402 [INFO] CADModel:165 - CPN selected for project level
2025-05-12 13:24:50,402 [INFO] CADModel:114 - Register for checkConnection events
2025-05-12 13:24:50,403 [FATAL] Updater:334 - Updater called before beeing initialized
2025-05-12 13:24:50,404 [ERROR] CADModel:125 - Updater not yet initialized, retry later 
2025-05-12 13:24:50,525 [INFO] CADModel:165 - CPN selected for project level
2025-05-12 13:24:50,525 [INFO] CADModel:114 - Register for checkConnection events
2025-05-12 13:24:50,525 [FATAL] Updater:334 - Updater called before beeing initialized
2025-05-12 13:24:50,525 [ERROR] CADModel:125 - Updater not yet initialized, retry later 
2025-05-12 13:24:50,527 [FATAL] Updater:334 - Updater called before beeing initialized
2025-05-12 13:24:50,606 [FATAL] Updater:334 - Updater called before beeing initialized
2025-05-12 13:24:50,609 [INFO] DbMcusAds:53 - JSON generation date=Tue Dec 17 23:01:25 ICT 2024 (1734451285682)
2025-05-12 13:24:50,609 [FATAL] Updater:334 - Updater called before beeing initialized
2025-05-12 13:24:50,638 [WARN] DetailPanel:346 - Failed to get advertising image, set to default
2025-05-12 13:24:50,713 [FATAL] Updater:334 - Updater called before beeing initialized
2025-05-12 13:24:50,714 [FATAL] Updater:334 - Updater called before beeing initialized
2025-05-12 13:24:50,715 [FATAL] Updater:334 - Updater called before beeing initialized
2025-05-12 13:24:50,715 [WARN] DetailPanel:346 - Failed to get advertising image, set to default
2025-05-12 13:24:50,715 [FATAL] Updater:334 - Updater called before beeing initialized
2025-05-12 13:24:50,753 [ERROR] Updater:1164 - MainUpdater not yet initialized. External WinMGr cannot be set.
2025-05-12 13:24:50,755 [INFO] Updater:1100 - Updater Version found : 6.12.1
2025-05-12 13:24:50,772 [INFO] ApplicationProperties:184 - Using Application install path: C:\ST\STM32CubeIDE_1.16.1\STM32CubeIDE\plugins\com.st.stm32cube.common.mx_6.12.1.202409122256
